<?xml version="1.0" encoding="UTF-8"?>
<testsuite xmlns:xsi="http://www.w3.org/2001/XMLSchema-instance" xsi:noNamespaceSchemaLocation="https://maven.apache.org/surefire/maven-surefire-plugin/xsd/surefire-test-report-3.0.xsd" version="3.0" name="TestSuite" time="47.869" tests="1" errors="0" skipped="0" failures="1">
  <properties>
[...]
</properties>
  <testcase name="runScenario[&quot;Validation of RedBus functionality&quot;, &quot;UI Automation of RedBus&quot;](1)" classname="RunnerClass.RedBusRunner" time="42.567">
    <failure message="Expected condition failed: waiting for visibility of element located by By.xpath: //button[text()=&apos;Search Buses&apos;] (tried for 30 second(s) with 500 milliseconds interval)&#10;Build info: version: &apos;4.7.1&apos;, revision: &apos;c6795baf1a3&apos;&#10;System info: os.name: &apos;Windows 10&apos;, os.arch: &apos;amd64&apos;, os.version: &apos;10.0&apos;, java.version: &apos;11.0.16&apos;&#10;Driver info: org.openqa.selenium.chrome.ChromeDriver&#10;Capabilities {acceptInsecureCerts: false, browserName: chrome, browserVersion: 108.0.5359.99, chrome: {chromedriverVersion: 108.0.5359.71 (1e0e3868ee06..., userDataDir: C:\Users\AKUMAR~1\AppData\L...}, goog:chromeOptions: {debuggerAddress: localhost:54491}, networkConnectionEnabled: false, pageLoadStrategy: normal, platformName: WINDOWS, proxy: Proxy(), se:cdp: ws://localhost:54491/devtoo..., se:cdpVersion: 108.0.5359.99, setWindowRect: true, strictFileInteractability: false, timeouts: {implicit: 0, pageLoad: 300000, script: 30000}, unhandledPromptBehavior: dismiss and notify, webauthn:extension:credBlob: true, webauthn:extension:largeBlob: true, webauthn:virtualAuthenticators: true}&#10;Session ID: 2229d95cd643d2949c364f32626657a9" type="org.openqa.selenium.TimeoutException"><![CDATA[org.openqa.selenium.TimeoutException: 
Expected condition failed: waiting for visibility of element located by By.xpath: //button[text()='Search Buses'] (tried for 30 second(s) with 500 milliseconds interval)
Build info: version: '4.7.1', revision: 'c6795baf1a3'
System info: os.name: 'Windows 10', os.arch: 'amd64', os.version: '10.0', java.version: '11.0.16'
Driver info: org.openqa.selenium.chrome.ChromeDriver
Capabilities {acceptInsecureCerts: false, browserName: chrome, browserVersion: 108.0.5359.99, chrome: {chromedriverVersion: 108.0.5359.71 (1e0e3868ee06..., userDataDir: C:\Users\AKUMAR~1\AppData\L...}, goog:chromeOptions: {debuggerAddress: localhost:54491}, networkConnectionEnabled: false, pageLoadStrategy: normal, platformName: WINDOWS, proxy: Proxy(), se:cdp: ws://localhost:54491/devtoo..., se:cdpVersion: 108.0.5359.99, setWindowRect: true, strictFileInteractability: false, timeouts: {implicit: 0, pageLoad: 300000, script: 30000}, unhandledPromptBehavior: dismiss and notify, webauthn:extension:credBlob: true, webauthn:extension:largeBlob: true, webauthn:virtualAuthenticators: true}
Session ID: 2229d95cd643d2949c364f32626657a9
	at org.openqa.selenium.support.ui.WebDriverWait.timeoutException(WebDriverWait.java:87)
	at org.openqa.selenium.support.ui.FluentWait.until(FluentWait.java:231)
	at Utils.BaseUtils.untilVisible(BaseUtils.java:84)
	at PageObject.RedBusPage.homePage(RedBusPage.java:42)
	at StepDefinition.RedBusStepDef.userIsInsideRedbusHomepage(RedBusStepDef.java:26)
	at ✽.user is inside redbus homepage(file:///C:/Users/akumarsing017/RedBus/RedBus_UI_Automation/src/test/resources/feature/RedBus.feature:6)
]]></failure>
    <system-out><![CDATA[
@Test
Scenario: Validation of RedBus functionality          # src/test/resources/feature/RedBus.feature:4
2022-12-10 11:59:16 DEBUG InternalLoggerFactory:76 - Using Log4J2 as the default logging framework
2022-12-10 11:59:16 DEBUG ResourceLeakDetector:129 - -Dio.netty.leakDetection.level: simple
2022-12-10 11:59:16 DEBUG ResourceLeakDetector:130 - -Dio.netty.leakDetection.targetRecords: 4
2022-12-10 11:59:16 DEBUG ResourceLeakDetectorFactory:196 - Loaded default ResourceLeakDetector: io.netty.util.ResourceLeakDetector@733fb462
2022-12-10 11:59:16 DEBUG PlatformDependent0:496 - -Dio.netty.noUnsafe: false
2022-12-10 11:59:16 DEBUG PlatformDependent0:1000 - Java version: 11
2022-12-10 11:59:16 DEBUG PlatformDependent0:137 - sun.misc.Unsafe.theUnsafe: available
2022-12-10 11:59:16 DEBUG PlatformDependent0:161 - sun.misc.Unsafe.copyMemory: available
2022-12-10 11:59:16 DEBUG PlatformDependent0:193 - sun.misc.Unsafe.storeFence: available
2022-12-10 11:59:16 DEBUG PlatformDependent0:236 - java.nio.Buffer.address: available
2022-12-10 11:59:16 DEBUG PlatformDependent0:320 - direct buffer constructor: unavailable: Reflective setAccessible(true) disabled
2022-12-10 11:59:16 DEBUG PlatformDependent0:385 - java.nio.Bits.unaligned: available, true
2022-12-10 11:59:16 DEBUG PlatformDependent0:452 - jdk.internal.misc.Unsafe.allocateUninitializedArray(int): unavailable: class io.netty.util.internal.PlatformDependent0$7 cannot access class jdk.internal.misc.Unsafe (in module java.base) because module java.base does not export jdk.internal.misc to unnamed module @3a7b503d
2022-12-10 11:59:16 DEBUG PlatformDependent0:482 - java.nio.DirectByteBuffer.<init>(long, int): unavailable
2022-12-10 11:59:16 DEBUG PlatformDependent:1159 - sun.misc.Unsafe: available
2022-12-10 11:59:16 DEBUG PlatformDependent:1270 - maxDirectMemory: 4213178368 bytes (maybe)
2022-12-10 11:59:16 DEBUG PlatformDependent:1289 - -Dio.netty.tmpdir: C:\Users\AKUMAR~1\AppData\Local\Temp (java.io.tmpdir)
2022-12-10 11:59:16 DEBUG PlatformDependent:1368 - -Dio.netty.bitMode: 64 (sun.arch.data.model)
2022-12-10 11:59:16 DEBUG PlatformDependent:1119 - Platform: Windows
2022-12-10 11:59:16 DEBUG PlatformDependent:178 - -Dio.netty.maxDirectMemory: -1 bytes
2022-12-10 11:59:16 DEBUG PlatformDependent:185 - -Dio.netty.uninitializedArrayAllocationThreshold: -1
2022-12-10 11:59:16 DEBUG CleanerJava9:71 - java.nio.ByteBuffer.cleaner(): available
2022-12-10 11:59:16 DEBUG PlatformDependent:205 - -Dio.netty.noPreferDirect: false
2022-12-10 11:59:16 DEBUG PlatformDependent:1010 - org.jctools-core.MpscChunkedArrayQueue: available
2022-12-10 11:59:16 DEBUG InternalThreadLocalMap:86 - -Dio.netty.threadLocalMap.stringBuilder.initialSize: 1024
2022-12-10 11:59:16 DEBUG InternalThreadLocalMap:89 - -Dio.netty.threadLocalMap.stringBuilder.maxSize: 4096
2022-12-10 11:59:16 DEBUG JdkSslContext:83 - Default protocols (JDK): [TLSv1.3, TLSv1.2] 
2022-12-10 11:59:16 DEBUG JdkSslContext:84 - Default cipher suites (JDK): [TLS_ECDHE_ECDSA_WITH_AES_256_GCM_SHA384, TLS_ECDHE_ECDSA_WITH_AES_128_GCM_SHA256, TLS_ECDHE_RSA_WITH_AES_128_GCM_SHA256, TLS_ECDHE_RSA_WITH_AES_256_GCM_SHA384, TLS_ECDHE_RSA_WITH_AES_128_CBC_SHA, TLS_ECDHE_RSA_WITH_AES_256_CBC_SHA, TLS_RSA_WITH_AES_128_GCM_SHA256, TLS_RSA_WITH_AES_128_CBC_SHA, TLS_RSA_WITH_AES_256_CBC_SHA, TLS_AES_128_GCM_SHA256, TLS_AES_256_GCM_SHA384]
2022-12-10 11:59:16 DEBUG MultithreadEventLoopGroup:44 - -Dio.netty.eventLoopThreads: 16
2022-12-10 11:59:16 DEBUG NioEventLoop:110 - -Dio.netty.noKeySetOptimization: false
2022-12-10 11:59:16 DEBUG NioEventLoop:111 - -Dio.netty.selectorAutoRebuildThreshold: 512
2022-12-10 11:59:16 DEBUG PooledByteBufAllocator:157 - -Dio.netty.allocator.numHeapArenas: 16
2022-12-10 11:59:16 DEBUG PooledByteBufAllocator:158 - -Dio.netty.allocator.numDirectArenas: 16
2022-12-10 11:59:16 DEBUG PooledByteBufAllocator:160 - -Dio.netty.allocator.pageSize: 8192
2022-12-10 11:59:16 DEBUG PooledByteBufAllocator:165 - -Dio.netty.allocator.maxOrder: 9
2022-12-10 11:59:16 DEBUG PooledByteBufAllocator:169 - -Dio.netty.allocator.chunkSize: 4194304
2022-12-10 11:59:16 DEBUG PooledByteBufAllocator:170 - -Dio.netty.allocator.smallCacheSize: 256
2022-12-10 11:59:16 DEBUG PooledByteBufAllocator:171 - -Dio.netty.allocator.normalCacheSize: 64
2022-12-10 11:59:16 DEBUG PooledByteBufAllocator:172 - -Dio.netty.allocator.maxCachedBufferCapacity: 32768
2022-12-10 11:59:16 DEBUG PooledByteBufAllocator:173 - -Dio.netty.allocator.cacheTrimInterval: 8192
2022-12-10 11:59:16 DEBUG PooledByteBufAllocator:174 - -Dio.netty.allocator.cacheTrimIntervalMillis: 0
2022-12-10 11:59:16 DEBUG PooledByteBufAllocator:175 - -Dio.netty.allocator.useCacheForAllThreads: false
2022-12-10 11:59:16 DEBUG PooledByteBufAllocator:176 - -Dio.netty.allocator.maxCachedByteBuffersPerChunk: 1023
2022-12-10 11:59:16 DEBUG ByteBufUtil:87 - -Dio.netty.allocator.type: pooled
2022-12-10 11:59:16 DEBUG ByteBufUtil:96 - -Dio.netty.threadLocalDirectBufferSize: 0
2022-12-10 11:59:16 DEBUG ByteBufUtil:99 - -Dio.netty.maxThreadLocalCharBufferSize: 16384
2022-12-10 11:59:17 DEBUG DefaultChannelId:79 - -Dio.netty.processId: 4232 (auto-detected)
2022-12-10 11:59:17 DEBUG NetUtil:136 - -Djava.net.preferIPv4Stack: false
2022-12-10 11:59:17 DEBUG NetUtil:137 - -Djava.net.preferIPv6Addresses: false
2022-12-10 11:59:18 DEBUG NetUtilInitializations:129 - Loopback interface: lo (Software Loopback Interface 1, 127.0.0.1)
2022-12-10 11:59:18 DEBUG NetUtil:191 - Failed to get SOMAXCONN from sysctl and file \proc\sys\net\core\somaxconn. Default: 200
2022-12-10 11:59:18 DEBUG DefaultChannelId:101 - -Dio.netty.machineId: c4:03:a8:ff:fe:a8:12:90 (auto-detected)
2022-12-10 11:59:18 DEBUG AbstractByteBuf:63 - -Dio.netty.buffer.checkAccessible: true
2022-12-10 11:59:18 DEBUG AbstractByteBuf:64 - -Dio.netty.buffer.checkBounds: true
2022-12-10 11:59:18 DEBUG ResourceLeakDetectorFactory:196 - Loaded default ResourceLeakDetector: io.netty.util.ResourceLeakDetector@6b66ff73
2022-12-10 11:59:18 DEBUG Recycler:85 - -Dio.netty.recycler.maxCapacityPerThread: 4096
2022-12-10 11:59:18 DEBUG Recycler:86 - -Dio.netty.recycler.ratio: 8
2022-12-10 11:59:18 DEBUG Recycler:87 - -Dio.netty.recycler.chunkSize: 32
2022-12-10 11:59:18 DEBUG Recycler:88 - -Dio.netty.recycler.blocking: false
2022-12-10 11:59:21 DEBUG Brotli:38 - brotli4j not in the classpath; Brotli support will be unavailable.
2022-12-10 11:59:22 DEBUG ThreadLocalRandom:214 - -Dio.netty.initialSeedUniquifier: 0x8fe8adfaba2b4f27
  Given user is inside redbus homepage                # StepDefinition.RedBusStepDef.userIsInsideRedbusHomepage()
      org.openqa.selenium.TimeoutException: Expected condition failed: waiting for visibility of element located by By.xpath: //button[text()='Search Buses'] (tried for 30 second(s) with 500 milliseconds interval)
Build info: version: '4.7.1', revision: 'c6795baf1a3'
System info: os.name: 'Windows 10', os.arch: 'amd64', os.version: '10.0', java.version: '11.0.16'
Driver info: org.openqa.selenium.chrome.ChromeDriver
Capabilities {acceptInsecureCerts: false, browserName: chrome, browserVersion: 108.0.5359.99, chrome: {chromedriverVersion: 108.0.5359.71 (1e0e3868ee06..., userDataDir: C:\Users\AKUMAR~1\AppData\L...}, goog:chromeOptions: {debuggerAddress: localhost:54491}, networkConnectionEnabled: false, pageLoadStrategy: normal, platformName: WINDOWS, proxy: Proxy(), se:cdp: ws://localhost:54491/devtoo..., se:cdpVersion: 108.0.5359.99, setWindowRect: true, strictFileInteractability: false, timeouts: {implicit: 0, pageLoad: 300000, script: 30000}, unhandledPromptBehavior: dismiss and notify, webauthn:extension:credBlob: true, webauthn:extension:largeBlob: true, webauthn:virtualAuthenticators: true}
Session ID: 2229d95cd643d2949c364f32626657a9
	at org.openqa.selenium.support.ui.WebDriverWait.timeoutException(WebDriverWait.java:87)
	at org.openqa.selenium.support.ui.FluentWait.until(FluentWait.java:231)
	at Utils.BaseUtils.untilVisible(BaseUtils.java:84)
	at PageObject.RedBusPage.homePage(RedBusPage.java:42)
	at StepDefinition.RedBusStepDef.userIsInsideRedbusHomepage(RedBusStepDef.java:26)
	at âœ½.user is inside redbus homepage(file:///C:/Users/akumarsing017/RedBus/RedBus_UI_Automation/src/test/resources/feature/RedBus.feature:6)


    Embedding screenshot [image/png 14921 bytes]

  When user enters from city for source               # StepDefinition.RedBusStepDef.userEntersFromCity()
  And user enters to city for destination             # StepDefinition.RedBusStepDef.userEntersToCity()
  And user select date for journey                    # StepDefinition.RedBusStepDef.userSelectForJourney()
  Then user click on search buses                     # StepDefinition.RedBusStepDef.userClickOnSearchBuses()
  Then user click on view seats                       # StepDefinition.RedBusStepDef.userClickOnViewSeatsFor()
  And user selected the seat                          # StepDefinition.RedBusStepDef.userSelectedTheSeat()
  Then user selected the boarding point of source     # StepDefinition.RedBusStepDef.userSelectedThe()
  And user selected the dropping point of destination # StepDefinition.RedBusStepDef.userSelectedTheOfDestination()
  Then user click on Proceed To Book                  # StepDefinition.RedBusStepDef.userClickOnProceedToBook()
Query executed successfully
akash = 141
]]></system-out>
    <system-err><![CDATA[SLF4J: Failed to load class "org.slf4j.impl.StaticLoggerBinder".
SLF4J: Defaulting to no-operation (NOP) logger implementation
SLF4J: See http://www.slf4j.org/codes.html#StaticLoggerBinder for further details.
Starting ChromeDriver 108.0.5359.71 (1e0e3868ee06e91ad636a874420e3ca3ae3756ac-refs/branch-heads/5359@{#1016}) on port 18564
Only local connections are allowed.
Please see https://chromedriver.chromium.org/security-considerations for suggestions on keeping ChromeDriver safe.
ChromeDriver was started successfully.
]]></system-err>
  </testcase>
</testsuite>